The system is: Windows - 10.0.26100 - AMD64
Compiling the CXX compiler identification source file "CMakeCXXCompilerId.cpp" succeeded.
Compiler: C:/Program Files/Microsoft Visual Studio/2022/Community/VC/Tools/MSVC/14.41.34120/bin/Hostx64/x64/cl.exe 
Build flags: 
Id flags:  

The output was:
0
Microsoft (R) C/C++ Optimizing Compiler Version 19.41.34120 for x64
Copyright (C) Microsoft Corporation.  All rights reserved.

CMakeCXXCompilerId.cpp
Microsoft (R) Incremental Linker Version 14.41.34120.0
Copyright (C) Microsoft Corporation.  All rights reserved.

/out:CMakeCXXCompilerId.exe 
CMakeCXXCompilerId.obj 


Compilation of the CXX compiler identification source "CMakeCXXCompilerId.cpp" produced "CMakeCXXCompilerId.exe"

Compilation of the CXX compiler identification source "CMakeCXXCompilerId.cpp" produced "CMakeCXXCompilerId.obj"

The CXX compiler identification is MSVC, found in "D:/per/Visual Pinball Cabinet Project/pi-pico/pico-sdk-2.2.0/pico-sdk/tools/pioasm/CMakeFiles/3.25.2/CompilerIdCXX/CMakeCXXCompilerId.exe"

Detecting CXX compiler ABI info compiled with the following output:
Change Dir: D:/per/Visual Pinball Cabinet Project/pi-pico/pico-sdk-2.2.0/pico-sdk/tools/pioasm/CMakeFiles/CMakeScratch/TryCompile-fatjcz

Run Build Command(s):nmake -f Makefile /nologo cmTC_ef4e8\fast && 	"C:\Program Files\Microsoft Visual Studio\2022\Community\VC\Tools\MSVC\14.41.34120\bin\HostX64\x64\nmake.exe"  -f CMakeFiles\cmTC_ef4e8.dir\build.make /nologo -L                  CMakeFiles\cmTC_ef4e8.dir\build
Building CXX object CMakeFiles/cmTC_ef4e8.dir/CMakeCXXCompilerABI.cpp.obj
	"D:\per\Visual Pinball Cabinet Project\pi-pico\pico-sdk-2.2.0\cmake\bin\cmake.exe" -E cmake_cl_compile_depends --dep-file=CMakeFiles\cmTC_ef4e8.dir\CMakeCXXCompilerABI.cpp.obj.d --working-dir="D:\per\Visual Pinball Cabinet Project\pi-pico\pico-sdk-2.2.0\pico-sdk\tools\pioasm\CMakeFiles\CMakeScratch\TryCompile-fatjcz" --filter-prefix="Note: including file: " -- C:\PROGRA~1\MICROS~1\2022\COMMUN~1\VC\Tools\MSVC\1441~1.341\bin\Hostx64\x64\cl.exe @C:\Users\mjr\AppData\Local\Temp\nm211A.tmp
CMakeCXXCompilerABI.cpp
Linking CXX executable cmTC_ef4e8.exe
	"D:\per\Visual Pinball Cabinet Project\pi-pico\pico-sdk-2.2.0\cmake\bin\cmake.exe" -E vs_link_exe --intdir=CMakeFiles\cmTC_ef4e8.dir --rc=C:\PROGRA~2\WI3CF2~1\10\bin\100226~1.0\x64\rc.exe --mt=C:\PROGRA~2\WI3CF2~1\10\bin\100226~1.0\x64\mt.exe --manifests -- C:\PROGRA~1\MICROS~1\2022\COMMUN~1\VC\Tools\MSVC\1441~1.341\bin\Hostx64\x64\link.exe /nologo @CMakeFiles\cmTC_ef4e8.dir\objects1 @C:\Users\mjr\AppData\Local\Temp\nm214A.tmp



